Arguments: 
  /Users/majd/.nvm/versions/node/v8.9.3/bin/node /usr/local/Cellar/yarn/1.3.2/libexec/bin/yarn.js add react

PATH: 
  /Users/majd/.nvm/versions/node/v8.9.3/bin:/usr/local/heroku/bin:/usr/local/bin:/usr/local/sbin:~/bin:/Users/majd/.rvm/gems/ruby-2.3.1/bin:/Users/majd/.rvm/gems/ruby-2.3.1@global/bin:/Users/majd/.rvm/rubies/ruby-2.3.1/bin:/usr/local/bin:/usr/bin:/bin:/usr/sbin:/sbin:/Users/majd/.rvm/bin:/Users/majd/.rvm/bin

Yarn version: 
  1.3.2

Node version: 
  8.9.3

Platform: 
  darwin x64

npm manifest: 
  {
    "name": "williams-sonoma-chalelnge",
    "version": "1.0.0",
    "description": "",
    "main": "webpack.config.js",
    "scripts": {
      "dev": "./node_modules/.bin/webpack-dev-server --content-base app --hot --inline --historyApiFallback",
      "postinstall": "webpack -p"
    },
    "author": "Majd Murad",
    "license": "MIT",
    "dependencies": {
      "css-loader": "^0.25.0",
      "history": "^1.17.0",
      "react": "^15.3.2",
      "react-dom": "^15.3.2",
      "react-router": "^2.8.1",
      "style-loader": "^0.13.1"
    },
    "devDependencies": {
      "babel": "^6.5.2",
      "babel-core": "^6.17.0",
      "babel-loader": "^6.2.5",
      "babel-plugin-transform-class-properties": "^6.16.0",
      "babel-plugin-transform-decorators-legacy": "^1.3.4",
      "babel-preset-es2015": "^6.16.0",
      "babel-preset-react": "^6.16.0",
      "babel-preset-stage-0": "^6.16.0",
      "file-loader": "^0.9.0",
      "lodash": "^4.16.4",
      "webpack": "^1.13.2",
      "webpack-dev-middleware": "^1.8.4",
      "webpack-dev-server": "^1.16.2",
      "webpack-hot-middleware": "^2.13.1"
    }
  }

yarn manifest: 
  No manifest

Lockfile: 
  No lockfile

Trace: 
  Error: http://npm.intranet.1stdibs.com:4783/css-loader: ETIMEDOUT
      at Timeout._onTimeout (/usr/local/Cellar/yarn/1.3.2/libexec/lib/cli.js:123749:19)
      at ontimeout (timers.js:475:11)
      at tryOnTimeout (timers.js:310:5)
      at Timer.listOnTimeout (timers.js:270:5)
